/*C1*/SET SCHEMA PUBLIC
CONNECT USER SA
SET AUTOCOMMIT FALSE
SET AUTOCOMMIT TRUE
INSERT INTO PERSON VALUES(5,0,'','',TRUE,TRUE,'a94a8fe5ccb19ba61c4c0873d391e987982fbbd3','Nicole Lee','nlee')
SET AUTOCOMMIT FALSE
DELETE FROM AUTHORITY WHERE ID=1
INSERT INTO AUTHORITY VALUES(1,5,'ROLE_USER','Default User')
SET AUTOCOMMIT TRUE
SET AUTOCOMMIT FALSE
DELETE FROM PERSON WHERE ID=5
INSERT INTO PERSON VALUES(5,1,'','',TRUE,TRUE,'a94a8fe5ccb19ba61c4c0873d391e987982fbbd3','Nicole Lee','nlee')
SET AUTOCOMMIT TRUE
INSERT INTO AUTHORITY_PEOPLE VALUES(1,5)
INSERT INTO PERSON VALUES(6,0,'','',TRUE,TRUE,'a94a8fe5ccb19ba61c4c0873d391e987982fbbd3','Yan Feng','yfeng')
SET AUTOCOMMIT FALSE
DELETE FROM AUTHORITY WHERE ID=1
INSERT INTO AUTHORITY VALUES(1,6,'ROLE_USER','Default User')
SET AUTOCOMMIT TRUE
SET AUTOCOMMIT FALSE
DELETE FROM PERSON WHERE ID=6
INSERT INTO PERSON VALUES(6,1,'','',TRUE,TRUE,'a94a8fe5ccb19ba61c4c0873d391e987982fbbd3','Yan Feng','yfeng')
SET AUTOCOMMIT TRUE
INSERT INTO AUTHORITY_PEOPLE VALUES(1,6)
/*C2*/SET SCHEMA PUBLIC
CONNECT USER SA
INSERT INTO STATUS VALUES(44,0,'2009-11-09 23:20:52.203000000','I am sleepy',5)
INSERT INTO STATUS VALUES(45,0,'2009-11-09 23:21:05.093000000','I am sleepy too',6)
SET AUTOCOMMIT FALSE
SET AUTOCOMMIT TRUE
SET AUTOCOMMIT FALSE
DELETE FROM PERSON WHERE ID=6
INSERT INTO PERSON VALUES(6,2,'','',TRUE,TRUE,'a94a8fe5ccb19ba61c4c0873d391e987982fbbd3','Yan Feng','yfeng')
SET AUTOCOMMIT TRUE
INSERT INTO PERSON_PERSON VALUES(6,5)
INSERT INTO STATUS VALUES(46,0,'2009-11-09 23:21:57.218000000','I am sleepy',5)
SET AUTOCOMMIT FALSE
SET AUTOCOMMIT TRUE
SET AUTOCOMMIT FALSE
DELETE FROM PERSON WHERE ID=5
INSERT INTO PERSON VALUES(5,2,'','',TRUE,TRUE,'a94a8fe5ccb19ba61c4c0873d391e987982fbbd3','Nicole Lee','nlee')
SET AUTOCOMMIT TRUE
INSERT INTO PERSON_PERSON VALUES(5,6)
INSERT INTO STATUS VALUES(47,0,'2009-11-09 23:22:16.171000000','when can I sleep',5)
INSERT INTO STATUS VALUES(48,0,'2009-11-09 23:22:50.093000000','ok, just a minute',6)
INSERT INTO STATUS VALUES(49,0,'2009-11-09 23:22:51.140000000','ok, just a minute',6)
